0 info it worked if it ends with ok
1 verbose cli [ 'C:\\Program Files\\nodejs\\node.exe',
1 verbose cli   'C:\\Program Files\\nodejs\\node_modules\\npm\\bin\\npm-cli.js',
1 verbose cli   'run',
1 verbose cli   'dev' ]
2 info using npm@3.10.10
3 info using node@v6.11.3
4 verbose run-script [ 'predev', 'dev', 'postdev' ]
5 info lifecycle vuetest@1.0.0~predev: vuetest@1.0.0
6 silly lifecycle vuetest@1.0.0~predev: no script for predev, continuing
7 info lifecycle vuetest@1.0.0~dev: vuetest@1.0.0
8 verbose lifecycle vuetest@1.0.0~dev: unsafe-perm in lifecycle true
9 verbose lifecycle vuetest@1.0.0~dev: PATH: C:\Program Files\nodejs\node_modules\npm\bin\node-gyp-bin;C:\Users\Administrator\Desktop\vuetest\node_modules\.bin;C:\ProgramData\Oracle\Java\javapath;.;%JAVA_ HOME%\bin;C:\Java\jdk1.8.0_112\bin;C:\Windows\system32;C:\Windows;C:\Windows\system32\wbem;C:\Program Files\Git\cmd;C:\Program Files\nodejs\;;D:\Microsoft VS Code\bin;C:\Users\Administrator\AppData\Roaming\npm
10 verbose lifecycle vuetest@1.0.0~dev: CWD: C:\Users\Administrator\Desktop\vuetest
11 silly lifecycle vuetest@1.0.0~dev: Args: [ '/d /s /c', 'node build/dev-server.js' ]
12 silly lifecycle vuetest@1.0.0~dev: Returned: code: 3221225786  signal: null
13 info lifecycle vuetest@1.0.0~dev: Failed to exec dev script
14 verbose stack Error: vuetest@1.0.0 dev: `node build/dev-server.js`
14 verbose stack Exit status 3221225786
14 verbose stack     at EventEmitter.<anonymous> (C:\Program Files\nodejs\node_modules\npm\lib\utils\lifecycle.js:255:16)
14 verbose stack     at emitTwo (events.js:106:13)
14 verbose stack     at EventEmitter.emit (events.js:191:7)
14 verbose stack     at ChildProcess.<anonymous> (C:\Program Files\nodejs\node_modules\npm\lib\utils\spawn.js:40:14)
14 verbose stack     at emitTwo (events.js:106:13)
14 verbose stack     at ChildProcess.emit (events.js:191:7)
14 verbose stack     at maybeClose (internal/child_process.js:920:16)
14 verbose stack     at Process.ChildProcess._handle.onexit (internal/child_process.js:230:5)
15 verbose pkgid vuetest@1.0.0
16 verbose cwd C:\Users\Administrator\Desktop\vuetest
17 error Windows_NT 6.1.7601
18 error argv "C:\\Program Files\\nodejs\\node.exe" "C:\\Program Files\\nodejs\\node_modules\\npm\\bin\\npm-cli.js" "run" "dev"
19 error node v6.11.3
20 error npm  v3.10.10
21 error code ELIFECYCLE
22 error vuetest@1.0.0 dev: `node build/dev-server.js`
22 error Exit status 3221225786
23 error Failed at the vuetest@1.0.0 dev script 'node build/dev-server.js'.
23 error Make sure you have the latest version of node.js and npm installed.
23 error If you do, this is most likely a problem with the vuetest package,
23 error not with npm itself.
23 error Tell the author that this fails on your system:
23 error     node build/dev-server.js
23 error You can get information on how to open an issue for this project with:
23 error     npm bugs vuetest
23 error Or if that isn't available, you can get their info via:
23 error     npm owner ls vuetest
23 error There is likely additional logging output above.
24 verbose exit [ 1, true ]
